C:\SVN\Dev\GPU-Terrain-Generation-master\source\GPUTerrainGenerator\GPUTerrainGenerator\Debug\cl.command.1.tlog
C:\SVN\Dev\GPU-Terrain-Generation-master\source\GPUTerrainGenerator\GPUTerrainGenerator\Debug\CL.read.1.tlog
C:\SVN\Dev\GPU-Terrain-Generation-master\source\GPUTerrainGenerator\GPUTerrainGenerator\Debug\CL.write.1.tlog
C:\SVN\Dev\GPU-Terrain-Generation-master\source\GPUTerrainGenerator\GPUTerrainGenerator\Debug\GPUTerrainGenerator.exe.embed.manifest
C:\SVN\DEV\GPU-TERRAIN-GENERATION-MASTER\SOURCE\GPUTERRAINGENERATOR\GPUTERRAINGENERATOR\DEBUG\GPUTERRAINGENERATOR.EXE.EMBED.MANIFEST.RES
C:\SVN\Dev\GPU-Terrain-Generation-master\source\GPUTerrainGenerator\GPUTerrainGenerator\Debug\GPUTerrainGenerator.vcxprojResolveAssemblyReference.cache
C:\SVN\Dev\GPU-Terrain-Generation-master\source\GPUTerrainGenerator\GPUTerrainGenerator\Debug\GPUTerrainGenerator.write.1.tlog
C:\SVN\Dev\GPU-Terrain-Generation-master\source\GPUTerrainGenerator\GPUTerrainGenerator\Debug\GPUTerrainGenerator_manifest.rc
C:\SVN\DEV\GPU-TERRAIN-GENERATION-MASTER\SOURCE\GPUTERRAINGENERATOR\GPUTERRAINGENERATOR\DEBUG\IMAGE_DXT.OBJ
C:\SVN\DEV\GPU-TERRAIN-GENERATION-MASTER\SOURCE\GPUTERRAINGENERATOR\GPUTERRAINGENERATOR\DEBUG\IMAGE_HELPER.OBJ
C:\SVN\Dev\GPU-Terrain-Generation-master\source\GPUTerrainGenerator\GPUTerrainGenerator\Debug\link.command.1.tlog
C:\SVN\Dev\GPU-Terrain-Generation-master\source\GPUTerrainGenerator\GPUTerrainGenerator\Debug\link.read.1.tlog
C:\SVN\Dev\GPU-Terrain-Generation-master\source\GPUTerrainGenerator\GPUTerrainGenerator\Debug\link.write.1.tlog
C:\SVN\DEV\GPU-TERRAIN-GENERATION-MASTER\SOURCE\GPUTERRAINGENERATOR\GPUTERRAINGENERATOR\DEBUG\MAIN.OBJ
C:\SVN\Dev\GPU-Terrain-Generation-master\source\GPUTerrainGenerator\GPUTerrainGenerator\Debug\rc.command.1.tlog
C:\SVN\Dev\GPU-Terrain-Generation-master\source\GPUTerrainGenerator\GPUTerrainGenerator\Debug\rc.read.1.tlog
C:\SVN\Dev\GPU-Terrain-Generation-master\source\GPUTerrainGenerator\GPUTerrainGenerator\Debug\rc.write.1.tlog
C:\SVN\DEV\GPU-TERRAIN-GENERATION-MASTER\SOURCE\GPUTERRAINGENERATOR\GPUTERRAINGENERATOR\DEBUG\SOIL.OBJ
C:\SVN\DEV\GPU-TERRAIN-GENERATION-MASTER\SOURCE\GPUTERRAINGENERATOR\GPUTERRAINGENERATOR\DEBUG\STB_IMAGE_AUG.OBJ
C:\SVN\DEV\GPU-TERRAIN-GENERATION-MASTER\SOURCE\GPUTERRAINGENERATOR\GPUTERRAINGENERATOR\DEBUG\UTILITY.OBJ
C:\SVN\Dev\GPU-Terrain-Generation-master\source\GPUTerrainGenerator\GPUTerrainGenerator\Debug\vc100.idb
C:\SVN\DEV\GPU-TERRAIN-GENERATION-MASTER\SOURCE\GPUTERRAINGENERATOR\GPUTERRAINGENERATOR\DEBUG\VC100.PDB
